2023-07-20 15:44:58,999 [INFO] Activator:176 - 


2023-07-20 15:44:59,001 [INFO] Activator:177 - !SESSION log4j initialized
2023-07-20 15:45:03,372 [INFO] LogOutputStream:77 - [STDOUT_REDIRECT] 
2023-07-20 15:45:06,015 [ERROR] ConfigurationRetriever:142 - IOException on connection: Read timed out
2023-07-20 15:45:09,760 [ERROR] ConfigurationRetriever:142 - IOException on connection: connect timed out
2023-07-20 15:45:24,197 [ERROR] LogOutputStream:75 - [STDERR_REDIRECT] SLF4J: Failed to load class "org.slf4j.impl.StaticLoggerBinder".
2023-07-20 15:45:24,197 [ERROR] LogOutputStream:75 - [STDERR_REDIRECT] SLF4J: Defaulting to no-operation (NOP) logger implementation
2023-07-20 15:45:24,198 [ERROR] LogOutputStream:75 - [STDERR_REDIRECT] SLF4J: See http://www.slf4j.org/codes.html#StaticLoggerBinder for further details.
2023-07-20 15:46:32,583 [ERROR] ConfigurationRetriever:142 - IOException on connection: Read timed out
2023-07-20 16:11:25,237 [ERROR] ConfigurationRetriever:142 - IOException on connection: Read timed out
2023-07-20 16:14:40,245 [ERROR] ConfigurationRetriever:142 - IOException on connection: sw-center.st.com
2023-07-20 16:14:40,245 [ERROR] ConfigurationRetriever:142 - IOException on connection: sw-center.st.com
2023-07-20 16:14:40,246 [ERROR] ConfigurationRetriever:142 - IOException on connection: sw-center.st.com
2023-07-20 16:14:43,587 [ERROR] ConfigurationRetriever:142 - IOException on connection: sw-center.st.com
2023-07-20 16:14:43,589 [ERROR] ConfigurationRetriever:142 - IOException on connection: sw-center.st.com
2023-07-20 16:14:43,589 [ERROR] ConfigurationRetriever:142 - IOException on connection: sw-center.st.com
2023-07-20 16:14:44,756 [ERROR] ConfigurationRetriever:142 - IOException on connection: sw-center.st.com
2023-07-20 16:14:44,757 [ERROR] ConfigurationRetriever:142 - IOException on connection: sw-center.st.com
2023-07-20 16:14:44,757 [ERROR] ConfigurationRetriever:142 - IOException on connection: sw-center.st.com
2023-07-20 16:16:33,553 [ERROR] ConfigurationRetriever:142 - IOException on connection: Read timed out
2023-07-20 16:16:35,554 [ERROR] ConfigurationRetriever:142 - IOException on connection: connect timed out
2023-07-20 16:16:37,556 [ERROR] ConfigurationRetriever:142 - IOException on connection: connect timed out
